<?xml version="1.0" encoding="UTF-8"?>
<!-- Generated by org.testng.reporters.JUnitXMLReporter -->
<testsuite hostname="ZHENHAIW7" ignored="2" name="Test1chrome" tests="1" failures="0" timestamp="03 May 2018 14:51:57 GMT" time="36.283" errors="0">
  <testcase name="testLogin" time="27.384" classname="com.pactera.hris.testcases.Login"/>
  <testcase name="onboarding_SM" time="0.0" classname="com.pactera.hris.testcases.Onboarding">
    <ignored/>
  </testcase> <!-- onboarding_SM -->
  <testcase name="testLoginError" time="0.0" classname="com.pactera.hris.testcases.Login">
    <ignored/>
  </testcase> <!-- testLoginError -->
</testsuite> <!-- Test1chrome -->
