<?xml version="1.0" encoding="UTF-8"?>
<!-- Generated by org.testng.reporters.JUnitXMLReporter -->
<testsuite hostname="ZHENHAIW7" ignored="2" name="Test2firefox" tests="2" failures="0" timestamp="06 May 2018 05:06:30 GMT" time="56.173" errors="0">
  <testcase name="testLogin" time="39.844" classname="com.pactera.hris.testcases.Login"/>
  <testcase name="testLoginError" time="5.082" classname="com.pactera.hris.testcases.Login"/>
  <testcase name="ob_newRecord" time="0.0" classname="com.pactera.hris.testcases.Onboarding">
    <ignored/>
  </testcase> <!-- ob_newRecord -->
  <testcase name="ob_deleteRecord" time="0.0" classname="com.pactera.hris.testcases.Onboarding">
    <ignored/>
  </testcase> <!-- ob_deleteRecord -->
</testsuite> <!-- Test2firefox -->
