<?xml version="1.0" encoding="UTF-8"?>
<testng-results skipped="0" failed="0" ignored="2" total="4" passed="2">
  <reporter-output>
    <line>
      <![CDATA[2018-05-06 13:05:40 : 浏览器初始化-ok!]]>
    </line>
    <line>
      <![CDATA[2018-05-06 13:05:40 : 打开登录页面: http://139.224.130.197:8080/adidas/?domain=gc_test_adidas]]>
    </line>
    <line>
      <![CDATA[2018-05-06 13:05:55 : 输入登录用户名为: 11R3052]]>
    </line>
    <line>
      <![CDATA[2018-05-06 13:05:55 : 输入登录密码为: 123456]]>
    </line>
    <line>
      <![CDATA[2018-05-06 13:05:56 : 点击登录按钮...]]>
    </line>
    <line>
      <![CDATA[2018-05-06 13:06:18 : 点击退出登录...]]>
    </line>
    <line>
      <![CDATA[2018-05-06 13:06:19 : 点击确认退出弹窗...]]>
    </line>
    <line>
      <![CDATA[2018-05-06 13:06:19 : 有退出登录弹窗提醒? true]]>
    </line>
    <line>
      <![CDATA[2018-05-06 13:06:19 : Accept the alert: This page is asking you to confirm that you want to leave - data you have entered may not be saved.]]>
    </line>
    <line>
      <![CDATA[2018-05-06 13:06:20 : 打开登录页面: http://139.224.130.197:8080/adidas/?domain=gc_test_adidas]]>
    </line>
    <line>
      <![CDATA[2018-05-06 13:06:22 : 输入登录用户名为: xxx]]>
    </line>
    <line>
      <![CDATA[2018-05-06 13:06:22 : 输入登录密码为: 123456]]>
    </line>
    <line>
      <![CDATA[2018-05-06 13:06:23 : 点击登录按钮...]]>
    </line>
  </reporter-output>
  <suite name="Suite" duration-ms="56173" started-at="2018-05-06T05:05:34Z" finished-at="2018-05-06T05:06:30Z">
    <groups>
    </groups>
    <test name="Test2firefox" duration-ms="56173" started-at="2018-05-06T05:05:34Z" finished-at="2018-05-06T05:06:30Z">
      <class name="com.pactera.hris.testcases.Login">
        <test-method status="PASS" signature="initialDriver(java.lang.String)[pri:0, instance:com.pactera.hris.testcases.Login@4b29d1d2]" name="initialDriver" is-config="true" duration-ms="6249" started-at="2018-05-06T05:05:34Z" finished-at="2018-05-06T05:05:40Z">
          <params>
            <param index="0">
              <value>
                <![CDATA[firefox64bit]]>
              </value>
            </param>
          </params>
          <reporter-output>
            <line>
              <![CDATA[2018-05-06 13:05:40 : 浏览器初始化-ok!]]>
            </line>
          </reporter-output>
        </test-method> <!-- initialDriver -->
        <test-method status="PASS" signature="testLogin(java.util.Map)[pri:0, instance:com.pactera.hris.testcases.Login@4b29d1d2]" name="testLogin" duration-ms="39844" started-at="2018-05-06T05:05:40Z" data-provider="providerMethod" finished-at="2018-05-06T05:06:20Z">
          <params>
            <param index="0">
              <value>
                <![CDATA[{testCommon=testCommon, password=123456, url=http://139.224.130.197:8080/adidas/?domain=gc_test_adidas, username=11R3052}]]>
              </value>
            </param>
          </params>
          <reporter-output>
            <line>
              <![CDATA[2018-05-06 13:05:40 : 打开登录页面: http://139.224.130.197:8080/adidas/?domain=gc_test_adidas]]>
            </line>
            <line>
              <![CDATA[2018-05-06 13:05:55 : 输入登录用户名为: 11R3052]]>
            </line>
            <line>
              <![CDATA[2018-05-06 13:05:55 : 输入登录密码为: 123456]]>
            </line>
            <line>
              <![CDATA[2018-05-06 13:05:56 : 点击登录按钮...]]>
            </line>
            <line>
              <![CDATA[2018-05-06 13:06:18 : 点击退出登录...]]>
            </line>
            <line>
              <![CDATA[2018-05-06 13:06:19 : 点击确认退出弹窗...]]>
            </line>
            <line>
              <![CDATA[2018-05-06 13:06:19 : 有退出登录弹窗提醒? true]]>
            </line>
            <line>
              <![CDATA[2018-05-06 13:06:19 : Accept the alert: This page is asking you to confirm that you want to leave - data you have entered may not be saved.]]>
            </line>
          </reporter-output>
        </test-method> <!-- testLogin -->
        <test-method status="PASS" signature="testLoginError(java.util.Map)[pri:0, instance:com.pactera.hris.testcases.Login@4b29d1d2]" name="testLoginError" duration-ms="5082" started-at="2018-05-06T05:06:20Z" data-provider="providerMethod" finished-at="2018-05-06T05:06:25Z">
          <params>
            <param index="0">
              <value>
                <![CDATA[{testCommon=testCommon, password=123456, url=http://139.224.130.197:8080/adidas/?domain=gc_test_adidas, username=xxx}]]>
              </value>
            </param>
          </params>
          <reporter-output>
            <line>
              <![CDATA[2018-05-06 13:06:20 : 打开登录页面: http://139.224.130.197:8080/adidas/?domain=gc_test_adidas]]>
            </line>
            <line>
              <![CDATA[2018-05-06 13:06:22 : 输入登录用户名为: xxx]]>
            </line>
            <line>
              <![CDATA[2018-05-06 13:06:22 : 输入登录密码为: 123456]]>
            </line>
            <line>
              <![CDATA[2018-05-06 13:06:23 : 点击登录按钮...]]>
            </line>
          </reporter-output>
        </test-method> <!-- testLoginError -->
        <test-method status="PASS" signature="closeDriver()[pri:0, instance:com.pactera.hris.testcases.Login@4b29d1d2]" name="closeDriver" is-config="true" duration-ms="4826" started-at="2018-05-06T05:06:25Z" finished-at="2018-05-06T05:06:30Z">
          <reporter-output>
          </reporter-output>
        </test-method> <!-- closeDriver -->
      </class> <!-- com.pactera.hris.testcases.Login -->
    </test> <!-- Test2firefox -->
  </suite> <!-- Suite -->
</testng-results>
